0 verbose cli /usr/local/bin/node /usr/local/bin/npm
1 info using npm@8.19.4
2 info using node@v16.20.2
3 timing npm:load:whichnode Completed in 0ms
4 timing config:load:defaults Completed in 1ms
5 timing config:load:file:/usr/local/lib/node_modules/npm/npmrc Completed in 1ms
6 timing config:load:builtin Completed in 2ms
7 timing config:load:cli Completed in 1ms
8 timing config:load:env Completed in 1ms
9 timing config:load:project Completed in 3ms
10 timing config:load:file:/usr/src/node-red/.npmrc Completed in 0ms
11 timing config:load:user Completed in 0ms
12 timing config:load:file:/usr/local/etc/npmrc Completed in 2ms
13 timing config:load:global Completed in 2ms
14 timing config:load:validate Completed in 1ms
15 timing config:load:credentials Completed in 0ms
16 timing config:load:setEnvs Completed in 0ms
17 timing config:load Completed in 13ms
18 timing npm:load:configload Completed in 13ms
19 timing npm:load:mkdirpcache Completed in 4ms
20 timing npm:load:mkdirplogs Completed in 1ms
21 verbose title npm install node-red-dashboard
22 verbose argv "install" "node-red-dashboard"
23 timing npm:load:setTitle Completed in 1ms
24 timing config:load:flatten Completed in 2ms
25 timing npm:load:display Completed in 4ms
26 verbose logfile logs-max:10 dir:/data/.npm/_logs
27 verbose logfile /data/.npm/_logs/2024-02-02T14_21_05_678Z-debug-0.log
28 timing npm:load:logFile Completed in 6ms
29 timing npm:load:timers Completed in 0ms
30 timing npm:load:configScope Completed in 0ms
31 timing npm:load Completed in 31ms
32 timing arborist:ctor Completed in 0ms
33 silly logfile done cleaning log files
34 timing idealTree:init Completed in 384ms
35 timing idealTree:userRequests Completed in 2ms
36 silly idealTree buildDeps
37 silly fetch manifest node-red-dashboard@*
38 timing arborist:ctor Completed in 0ms
39 http fetch GET 200 https://registry.npmjs.org/node-red-dashboard 1112ms (cache miss)
40 silly placeDep ROOT node-red-dashboard@3.6.2 OK for: node-red-docker@3.1.3 want: *
41 silly fetch manifest compression@^1.7.4
42 silly fetch manifest gridstack@^0.6.4
43 silly fetch manifest socket.io@^4.7.2
44 http fetch GET 200 https://registry.npmjs.org/compression 62ms (cache miss)
45 http fetch GET 200 https://registry.npmjs.org/socket.io 116ms (cache miss)
46 http fetch GET 200 https://registry.npmjs.org/gridstack 813ms (cache miss)
47 timing idealTree:#root Completed in 1941ms
48 silly placeDep ROOT compression@1.7.4 OK for: node-red-dashboard@3.6.2 want: ^1.7.4
49 silly placeDep ROOT gridstack@0.6.4 OK for: node-red-dashboard@3.6.2 want: ^0.6.4
50 silly placeDep ROOT socket.io@4.7.4 OK for: node-red-dashboard@3.6.2 want: ^4.7.2
51 silly fetch manifest bytes@3.0.0
52 silly fetch manifest compressible@~2.0.16
53 silly fetch manifest jquery@^1.8 || 2 || 3
54 silly fetch manifest base64id@~2.0.0
55 silly fetch manifest debug@~4.3.2
56 silly fetch manifest engine.io@~6.5.2
57 silly fetch manifest socket.io-adapter@~2.5.2
58 silly fetch manifest socket.io-parser@~4.2.4
59 http fetch GET 200 https://registry.npmjs.org/compressible 62ms (cache miss)
60 http fetch GET 200 https://registry.npmjs.org/bytes 63ms (cache miss)
61 http fetch GET 200 https://registry.npmjs.org/jquery 66ms (cache miss)
62 http fetch GET 200 https://registry.npmjs.org/base64id 132ms (cache miss)
63 http fetch GET 200 https://registry.npmjs.org/socket.io-adapter 133ms (cache miss)
64 http fetch GET 200 https://registry.npmjs.org/debug 139ms (cache miss)
65 http fetch GET 200 https://registry.npmjs.org/socket.io-parser 140ms (cache miss)
66 http fetch GET 200 https://registry.npmjs.org/engine.io 145ms (cache miss)
67 timing idealTree:node_modules/node-red-dashboard Completed in 155ms
68 silly placeDep node_modules/compression bytes@3.0.0 OK for: compression@1.7.4 want: 3.0.0
69 silly placeDep ROOT compressible@2.0.18 OK for: compression@1.7.4 want: ~2.0.16
70 timing idealTree:node_modules/compression Completed in 7ms
71 timing idealTree:node_modules/compressible Completed in 0ms
72 silly placeDep ROOT jquery@3.7.1 OK for: gridstack@0.6.4 want: ^1.8 || 2 || 3
73 timing idealTree:node_modules/gridstack Completed in 3ms
74 timing idealTree:node_modules/jquery Completed in 0ms
75 silly placeDep ROOT base64id@2.0.0 OK for: socket.io@4.7.4 want: ~2.0.0
76 silly placeDep node_modules/socket.io debug@4.3.4 OK for: socket.io@4.7.4 want: ~4.3.2
77 silly placeDep ROOT engine.io@6.5.4 OK for: socket.io@4.7.4 want: ~6.5.2
78 silly placeDep ROOT socket.io-adapter@2.5.2 OK for: socket.io@4.7.4 want: ~2.5.2
79 silly placeDep ROOT socket.io-parser@4.2.4 OK for: socket.io@4.7.4 want: ~4.2.4
80 silly fetch manifest ms@2.1.2
81 silly fetch manifest @types/cookie@^0.4.1
82 silly fetch manifest @types/cors@^2.8.12
83 silly fetch manifest cookie@~0.4.1
84 silly fetch manifest debug@~4.3.1
85 silly fetch manifest engine.io-parser@~5.2.1
86 silly fetch manifest ws@~8.11.0
87 silly fetch manifest @socket.io/component-emitter@~3.1.0
88 http fetch GET 200 https://registry.npmjs.org/@types%2fcookie 84ms (cache miss)
89 http fetch GET 200 https://registry.npmjs.org/ms 86ms (cache miss)
90 http fetch GET 200 https://registry.npmjs.org/engine.io-parser 89ms (cache miss)
91 http fetch GET 200 https://registry.npmjs.org/@types%2fcors 92ms (cache miss)
92 http fetch GET 200 https://registry.npmjs.org/cookie 94ms (cache miss)
93 http fetch GET 200 https://registry.npmjs.org/@socket.io%2fcomponent-emitter 93ms (cache miss)
94 http fetch GET 200 https://registry.npmjs.org/ws 95ms (cache miss)
95 timing idealTree:node_modules/socket.io Completed in 113ms
96 timing idealTree:node_modules/base64id Completed in 0ms
97 silly fetch manifest bufferutil@^4.0.1
98 http fetch GET 200 https://registry.npmjs.org/bufferutil 49ms (cache miss)
99 silly fetch manifest utf-8-validate@^5.0.2
100 http fetch GET 200 https://registry.npmjs.org/utf-8-validate 72ms (cache miss)
101 silly placeDep ROOT @types/cookie@0.4.1 OK for: engine.io@6.5.4 want: ^0.4.1
102 silly placeDep ROOT @types/cors@2.8.17 OK for: engine.io@6.5.4 want: ^2.8.12
103 silly placeDep node_modules/engine.io cookie@0.4.2 OK for: engine.io@6.5.4 want: ~0.4.1
104 silly placeDep node_modules/engine.io debug@4.3.4 OK for: engine.io@6.5.4 want: ~4.3.1
105 silly placeDep ROOT engine.io-parser@5.2.1 OK for: engine.io@6.5.4 want: ~5.2.1
106 silly placeDep node_modules/engine.io ws@8.11.0 OK for: engine.io@6.5.4 want: ~8.11.0
107 timing idealTree:node_modules/engine.io Completed in 134ms
108 timing idealTree:node_modules/@types/cookie Completed in 0ms
109 timing idealTree:node_modules/@types/cors Completed in 0ms
110 timing idealTree:node_modules/engine.io-parser Completed in 0ms
111 silly placeDep node_modules/socket.io-adapter ws@8.11.0 OK for: socket.io-adapter@2.5.2 want: ~8.11.0
112 timing idealTree:node_modules/socket.io-adapter Completed in 2ms
113 silly placeDep ROOT @socket.io/component-emitter@3.1.0 OK for: socket.io-parser@4.2.4 want: ~3.1.0
114 silly placeDep node_modules/socket.io-parser debug@4.3.4 OK for: socket.io-parser@4.2.4 want: ~4.3.1
115 timing idealTree:node_modules/socket.io-parser Completed in 4ms
116 timing idealTree:node_modules/@socket.io/component-emitter Completed in 0ms
117 timing idealTree:node_modules/compression/node_modules/bytes Completed in 0ms
118 timing idealTree:node_modules/engine.io/node_modules/cookie Completed in 0ms
119 silly placeDep node_modules/engine.io ms@2.1.2 OK for: debug@4.3.4 want: 2.1.2
120 timing idealTree:node_modules/engine.io/node_modules/debug Completed in 1ms
121 timing idealTree:node_modules/engine.io/node_modules/ms Completed in 0ms
122 timing idealTree:node_modules/engine.io/node_modules/ws Completed in 0ms
123 timing idealTree:node_modules/socket.io-adapter/node_modules/ws Completed in 0ms
124 silly placeDep node_modules/socket.io-parser ms@2.1.2 OK for: debug@4.3.4 want: 2.1.2
125 timing idealTree:node_modules/socket.io-parser/node_modules/debug Completed in 1ms
126 timing idealTree:node_modules/socket.io-parser/node_modules/ms Completed in 0ms
127 silly placeDep node_modules/socket.io ms@2.1.2 OK for: debug@4.3.4 want: 2.1.2
128 timing idealTree:node_modules/socket.io/node_modules/debug Completed in 1ms
129 timing idealTree:node_modules/socket.io/node_modules/ms Completed in 0ms
130 timing idealTree:buildDeps Completed in 2364ms
131 timing idealTree:fixDepFlags Completed in 8ms
132 timing idealTree Completed in 2768ms
133 timing reify:loadTrees Completed in 2769ms
134 timing reify:diffTrees Completed in 13ms
135 silly reify moves {}
136 timing reify:retireShallow Completed in 1ms
137 timing reify:createSparse Completed in 13ms
138 timing reify:loadBundles Completed in 0ms
139 silly audit bulk request {
139 silly audit   '@babel/runtime': [ '7.23.8' ],
139 silly audit   '@leichtgewicht/ip-codec': [ '2.0.4' ],
139 silly audit   '@mapbox/node-pre-gyp': [ '1.0.11' ],
139 silly audit   '@node-red/editor-api': [ '3.1.3' ],
139 silly audit   '@node-red/editor-client': [ '3.1.3' ],
139 silly audit   '@node-red/nodes': [ '3.1.3' ],
139 silly audit   '@node-red/registry': [ '3.1.3' ],
139 silly audit   '@node-red/runtime': [ '3.1.3' ],
139 silly audit   '@node-red/util': [ '3.1.3' ],
139 silly audit   '@peculiar/asn1-cms': [ '2.3.8' ],
139 silly audit   '@peculiar/asn1-csr': [ '2.3.8' ],
139 silly audit   '@peculiar/asn1-ecc': [ '2.3.8' ],
139 silly audit   '@peculiar/asn1-pfx': [ '2.3.8' ],
139 silly audit   '@peculiar/asn1-pkcs8': [ '2.3.8' ],
139 silly audit   '@peculiar/asn1-pkcs9': [ '2.3.8' ],
139 silly audit   '@peculiar/asn1-rsa': [ '2.3.8' ],
139 silly audit   '@peculiar/asn1-schema': [ '2.3.8' ],
139 silly audit   '@peculiar/asn1-x509': [ '2.3.8' ],
139 silly audit   '@peculiar/asn1-x509-attr': [ '2.3.8' ],
139 silly audit   'ipaddr.js': [ '2.1.0', '1.9.1' ],
139 silly audit   '@peculiar/json-schema': [ '1.1.12' ],
139 silly audit   '@peculiar/webcrypto': [ '1.4.5' ],
139 silly audit   '@peculiar/x509': [ '1.9.7' ],
139 silly audit   '@sindresorhus/is': [ '5.6.0' ],
139 silly audit   '@ster5/global-mutex': [ '2.0.0' ],
139 silly audit   '@szmarczak/http-timer': [ '5.0.1' ],
139 silly audit   '@types/asn1': [ '0.2.4' ],
139 silly audit   '@types/async': [ '3.2.24' ],
139 silly audit   '@types/dns-packet': [ '5.6.5' ],
139 silly audit   '@types/http-cache-semantics': [ '4.0.4' ],
139 silly audit   '@types/jsrsasign': [ '10.5.12' ],
139 silly audit   '@types/lodash': [ '4.14.202' ],
139 silly audit   '@types/lodash.memoize': [ '4.1.9' ],
139 silly audit   '@types/mkdirp': [ '1.0.2' ],
139 silly audit   '@types/multicast-dns': [ '7.2.4' ],
139 silly audit   '@types/node': [ '20.11.16' ],
139 silly audit   '@types/proper-lockfile': [ '4.1.4' ],
139 silly audit   '@types/retry': [ '0.12.5' ],
139 silly audit   '@types/semver': [ '7.5.6' ],
139 silly audit   '@types/sshpk': [ '1.17.4' ],
139 silly audit   abbrev: [ '1.1.1' ],
139 silly audit   accepts: [ '1.3.8' ],
139 silly audit   acorn: [ '8.8.2' ],
139 silly audit   'acorn-walk': [ '8.2.0' ],
139 silly audit   'agent-base': [ '6.0.2' ],
139 silly audit   debug: [ '4.3.4', '2.6.9' ],
139 silly audit   ms: [ '2.1.2', '2.0.0', '2.1.3' ],
139 silly audit   ajv: [ '8.12.0' ],
139 silly audit   'ansi-colors': [ '4.1.3' ],
139 silly audit   'ansi-regex': [ '5.0.1' ],
139 silly audit   'ansi-styles': [ '4.3.0' ],
139 silly audit   'any-promise': [ '1.3.0' ],
139 silly audit   anymatch: [ '3.1.3' ],
139 silly audit   'append-field': [ '1.0.0' ],
139 silly audit   aproba: [ '2.0.0' ],
139 silly audit   'are-we-there-yet': [ '2.0.0' ],
139 silly audit   argparse: [ '2.0.1' ],
139 silly audit   'array-flatten': [ '1.1.1', '2.1.2' ],
139 silly audit   asn1: [ '0.2.6' ],
139 silly audit   asn1js: [ '3.0.5' ],
139 silly audit   assert: [ '2.1.0' ],
139 silly audit   'assert-plus': [ '1.0.0' ],
139 silly audit   async: [ '3.2.5' ],
139 silly audit   'async-mutex': [ '0.4.0' ],
139 silly audit   asynckit: [ '0.4.0' ],
139 silly audit   'available-typed-arrays': [ '1.0.6' ],
139 silly audit   axios: [ '1.6.5' ],
139 silly audit   backoff: [ '2.5.0' ],
139 silly audit   'balanced-match': [ '1.0.2' ],
139 silly audit   'base64-js': [ '1.5.1' ],
139 silly audit   'basic-auth': [ '2.0.1' ],
139 silly audit   bcrypt: [ '5.1.0', '5.1.1' ],
139 silly audit   'bcrypt-pbkdf': [ '1.0.2' ],
139 silly audit   bcryptjs: [ '2.4.3' ],
139 silly audit   'binary-extensions': [ '2.2.0' ],
139 silly audit   bl: [ '4.1.0' ],
139 silly audit   'body-parser': [ '1.20.2', '1.20.1' ],
139 silly audit   'iconv-lite': [ '0.4.24', '0.6.3' ],
139 silly audit   boolbase: [ '1.0.0' ],
139 silly audit   'brace-expansion': [ '1.1.11', '2.0.1' ],
139 silly audit   braces: [ '3.0.2' ],
139 silly audit   buffer: [ '5.7.1' ],
139 silly audit   'buffer-crc32': [ '0.2.13' ],
139 silly audit   'buffer-from': [ '1.1.2' ],
139 silly audit   busboy: [ '1.6.0' ],
139 silly audit   byline: [ '5.0.0' ],
139 silly audit   bytes: [ '3.1.2', '3.0.0' ],
139 silly audit   'cacheable-lookup': [ '7.0.0' ],
139 silly audit   'cacheable-request': [ '10.2.14' ],
139 silly audit   'call-bind': [ '1.0.5' ],
139 silly audit   chalk: [ '4.1.2' ],
139 silly audit   cheerio: [ '1.0.0-rc.10' ],
139 silly audit   'cheerio-select': [ '1.6.0' ],
139 silly audit   chokidar: [ '3.5.3' ],
139 silly audit   chownr: [ '2.0.0' ],
139 silly audit   'cli-table': [ '0.3.11' ],
139 silly audit   cliui: [ '8.0.1' ],
139 silly audit   clone: [ '2.1.2' ],
139 silly audit   'color-convert': [ '2.0.1' ],
139 silly audit   'color-name': [ '1.1.4' ],
139 silly audit   'color-support': [ '1.1.3' ],
139 silly audit   colors: [ '1.0.3' ],
139 silly audit   'combined-stream': [ '1.0.8' ],
139 silly audit   commist: [ '1.1.0' ],
139 silly audit   'concat-map': [ '0.0.1' ],
139 silly audit   'concat-stream': [ '2.0.0', '1.6.2' ],
139 silly audit   'console-control-strings': [ '1.1.0' ],
139 silly audit   'content-disposition': [ '0.5.4' ],
139 silly audit   'safe-buffer': [ '5.2.1', '5.1.2' ],
139 silly audit   'content-type': [ '1.0.5' ],
139 silly audit   cookie: [ '0.5.0', '0.4.1', '0.4.2' ],
139 silly audit   'cookie-parser': [ '1.4.6' ],
139 silly audit   'cookie-signature': [ '1.0.6' ],
139 silly audit   'core-util-is': [ '1.0.3' ],
139 silly audit   cors: [ '2.8.5' ],
139 silly audit   cronosjs: [ '1.7.1' ],
139 silly audit   'css-select': [ '4.3.0' ],
139 silly audit   'css-what': [ '6.1.0' ],
139 silly audit   dashdash: [ '1.14.1' ],
139 silly audit   'decompress-response': [ '6.0.0' ],
139 silly audit   'mimic-response': [ '3.1.0', '4.0.0' ],
139 silly audit   'defer-to-connect': [ '2.0.1' ],
139 silly audit   'define-data-property': [ '1.1.1' ],
139 silly audit   'define-properties': [ '1.2.1' ],
139 silly audit   'delayed-stream': [ '1.0.0' ],
139 silly audit   delegates: [ '1.0.0' ],
139 silly audit   denque: [ '2.1.0' ],
139 silly audit   depd: [ '2.0.0' ],
139 silly audit   dequeue: [ '1.0.5' ],
139 silly audit   destroy: [ '1.2.0' ],
139 silly audit   'detect-libc': [ '2.0.2' ],
139 silly audit   'dns-equal': [ '1.0.0' ],
139 silly audit   'dns-packet': [ '5.6.1' ],
139 silly audit   'dom-serializer': [ '1.4.1' ],
139 silly audit   domelementtype: [ '2.3.0' ],
139 silly audit   domhandler: [ '4.3.1' ],
139 silly audit   domutils: [ '2.8.0' ],
139 silly audit   duplexify: [ '4.1.2' ],
139 silly audit   'ecc-jsbn': [ '0.1.2' ],
139 silly audit   'ee-first': [ '1.1.1' ],
139 silly audit   'emoji-regex': [ '8.0.0' ],
139 silly audit   encodeurl: [ '1.0.2' ],
139 silly audit   'end-of-stream': [ '1.4.4' ],
139 silly audit   enquirer: [ '2.4.1' ],
139 silly audit   entities: [ '2.2.0' ],
139 silly audit   'env-paths': [ '2.2.1' ],
139 silly audit   escalade: [ '3.1.1' ],
139 silly audit   'escape-html': [ '1.0.3' ],
139 silly audit   etag: [ '1.8.1' ],
139 silly audit   express: [ '4.18.2' ],
139 silly audit   'express-session': [ '1.17.3' ],
139 silly audit   'raw-body': [ '2.5.1', '2.5.2' ],
139 silly audit   'fast-deep-equal': [ '3.1.3' ],
139 silly audit   'fd-slicer': [ '1.1.0' ],
139 silly audit   'fill-range': [ '7.0.1' ],
139 silly audit   finalhandler: [ '1.2.0' ],
139 silly audit   flatted: [ '3.2.9' ],
139 silly audit   'follow-redirects': [ '1.15.4' ],
139 silly audit   'for-each': [ '0.3.3' ],
139 silly audit   'form-data': [ '4.0.0' ],
139 silly audit   'form-data-encoder': [ '2.1.4' ],
139 silly audit   forwarded: [ '0.2.0' ],
139 silly audit   fresh: [ '0.5.2' ],
139 silly audit   'fs-extra': [ '11.1.1' ],
139 silly audit   'fs-minipass': [ '2.1.0' ],
139 silly audit   minipass: [ '3.3.6', '4.2.8', '7.0.4' ],
139 silly audit   yallist: [ '4.0.0', '2.1.2' ],
139 silly audit   'fs.realpath': [ '1.0.0' ],
139 silly audit   fsevents: [ '2.3.3' ],
139 silly audit   'function-bind': [ '1.1.2' ],
139 silly audit   gauge: [ '3.0.2' ],
139 silly audit   'get-caller-file': [ '2.0.5' ],
139 silly audit   'get-intrinsic': [ '1.2.2' ],
139 silly audit   'get-stream': [ '6.0.1' ],
139 silly audit   'get-user-locale': [ '2.3.1' ],
139 silly audit   getpass: [ '0.1.7' ],
139 silly audit   glob: [ '7.2.3', '9.3.5' ],
139 silly audit   'glob-parent': [ '5.1.2' ],
139 silly audit   gopd: [ '1.0.1' ],
139 silly audit   got: [ '12.6.0' ],
139 silly audit   'graceful-fs': [ '4.2.11' ],
139 silly audit   'has-flag': [ '4.0.0' ],
139 silly audit   'has-property-descriptors': [ '1.0.1' ],
139 silly audit   'has-proto': [ '1.0.1' ],
139 silly audit   'has-symbols': [ '1.0.3' ],
139 silly audit   'has-tostringtag': [ '1.0.2' ],
139 silly audit   'has-unicode': [ '2.0.1' ],
139 silly audit   'hash-sum': [ '2.0.0' ],
139 silly audit   hasown: [ '2.0.0' ],
139 silly audit   'help-me': [ '3.0.0' ],
139 silly audit   hexy: [ '0.3.5' ],
139 silly audit   hpagent: [ '1.2.0' ],
139 silly audit   htmlparser2: [ '6.1.0' ],
139 silly audit   'http-cache-semantics': [ '4.1.1' ],
139 silly audit   'http-errors': [ '2.0.0' ],
139 silly audit   'http2-wrapper': [ '2.2.1' ],
139 silly audit   'https-proxy-agent': [ '5.0.1' ],
139 silly audit   humanize: [ '0.0.9' ],
139 silly audit   i18next: [ '21.10.0' ],
139 silly audit   ieee754: [ '1.2.1' ],
139 silly audit   inflight: [ '1.0.6' ],
139 silly audit   inherits: [ '2.0.4' ],
139 silly audit   'invert-kv': [ '3.0.1' ],
139 silly audit   'is-arguments': [ '1.1.1' ],
139 silly audit   'is-binary-path': [ '2.1.0' ],
139 silly audit   'is-callable': [ '1.2.7' ],
139 silly audit   'is-extglob': [ '2.1.1' ],
139 silly audit   'is-fullwidth-code-point': [ '3.0.0' ],
139 silly audit   'is-generator-function': [ '1.0.10' ],
139 silly audit   'is-glob': [ '4.0.3' ],
139 silly audit   'is-nan': [ '1.3.2' ],
139 silly audit   'is-number': [ '7.0.0' ],
139 silly audit   'is-typed-array': [ '1.1.13' ],
139 silly audit   'is-utf8': [ '0.2.1' ],
139 silly audit   isarray: [ '1.0.0' ],
139 silly audit   'js-sdsl': [ '4.3.0' ],
139 silly audit   'js-yaml': [ '4.1.0' ],
139 silly audit   jsbn: [ '0.1.1' ],
139 silly audit   'json-buffer': [ '3.0.1' ],
139 silly audit   'json-schema-traverse': [ '1.0.0' ],
139 silly audit   'json-stringify-safe': [ '5.0.1' ],
139 silly audit   jsonata: [ '1.8.6' ],
139 silly audit   jsonfile: [ '6.1.0' ],
139 silly audit   jsrsasign: [ '11.1.0' ],
139 silly audit   keyv: [ '4.5.4' ],
139 silly audit   lcid: [ '3.1.1' ],
139 silly audit   leven: [ '2.1.0' ],
139 silly audit   lodash: [ '4.17.21' ],
139 silly audit   'lodash.clonedeep': [ '4.5.0' ],
139 silly audit   'lodash.memoize': [ '4.1.2' ],
139 silly audit   long: [ '4.0.0' ],
139 silly audit   'lowercase-keys': [ '3.0.0' ],
139 silly audit   'lru-cache': [ '4.1.5', '6.0.0', '10.2.0' ],
139 silly audit   ltx: [ '3.0.0' ],
139 silly audit   'make-dir': [ '3.1.0' ],
139 silly audit   semver: [ '6.3.1', '7.5.4' ],
139 silly audit   'media-typer': [ '1.1.0', '0.3.0' ],
139 silly audit   memorystore: [ '1.6.7' ],
139 silly audit   'merge-descriptors': [ '1.0.1' ],
139 silly audit   methods: [ '1.1.2' ],
139 silly audit   mime: [ '3.0.0', '1.6.0' ],
139 silly audit   'mime-db': [ '1.52.0' ],
139 silly audit   'mime-types': [ '2.1.35' ],
139 silly audit   minimatch: [ '3.1.2', '8.0.4' ],
139 silly audit   minimist: [ '1.2.8', '1.2.6' ],
139 silly audit   minizlib: [ '2.1.2' ],
139 silly audit   mkdirp: [ '0.5.6', '1.0.4' ],
139 silly audit   moment: [ '2.29.4' ],
139 silly audit   'moment-timezone': [ '0.5.43' ],
139 silly audit   mqtt: [ '4.3.7' ],
139 silly audit   'mqtt-packet': [ '6.10.0' ],
139 silly audit   multer: [ '1.4.5-lts.1' ],
139 silly audit   'readable-stream': [ '2.3.8', '3.6.2' ],
139 silly audit   string_decoder: [ '1.1.1', '1.3.0' ],
139 silly audit   'multicast-dns': [ '7.2.5' ],
139 silly audit   mustache: [ '4.2.0' ],
139 silly audit   'mute-stream': [ '0.0.8' ],
139 silly audit   negotiator: [ '0.6.3' ],
139 silly audit   'node-addon-api': [ '5.1.0' ],
139 silly audit   'node-fetch': [ '2.7.0' ],
139 silly audit   'node-opcua': [ '2.120.0' ],
139 silly audit   'node-opcua-address-space': [ '2.120.0' ],
139 silly audit   'node-opcua-address-space-base': [ '2.120.0' ],
139 silly audit   'node-opcua-address-space-for-conformance-testing': [ '2.120.0' ],
139 silly audit   'node-opcua-aggregates': [ '2.120.0' ],
139 silly audit   'node-opcua-alarm-condition': [ '2.120.0' ],
139 silly audit   'node-opcua-assert': [ '2.120.0' ],
139 silly audit   'node-opcua-basic-types': [ '2.120.0' ],
139 silly audit   'node-opcua-binary-stream': [ '2.120.0' ],
139 silly audit   'node-opcua-buffer-utils': [ '2.120.0' ],
139 silly audit   'node-opcua-certificate-manager': [ '2.120.0' ],
139 silly audit   'node-opcua-chunkmanager': [ '2.120.0' ],
139 silly audit   'node-opcua-client': [ '2.120.0' ],
139 silly audit   'node-opcua-client-crawler': [ '2.120.0' ],
139 silly audit   'node-opcua-client-dynamic-extension-object': [ '2.120.0' ],
139 silly audit   'node-opcua-client-proxy': [ '2.120.0' ],
139 silly audit   'node-opcua-common': [ '2.120.0' ],
139 silly audit   'node-opcua-constants': [ '2.120.0' ],
139 silly audit   'node-opcua-crypto': [ '4.7.0' ],
139 silly audit   'node-opcua-data-access': [ '2.120.0' ],
139 silly audit   'node-opcua-data-model': [ '2.120.0' ],
139 silly audit   'node-opcua-data-value': [ '2.120.0' ],
139 silly audit   'node-opcua-date-time': [ '2.120.0' ],
139 silly audit   'node-opcua-debug': [ '2.120.0' ],
139 silly audit   'node-opcua-enum': [ '2.120.0' ],
139 silly audit   'node-opcua-extension-object': [ '2.120.0' ],
139 silly audit   'node-opcua-factory': [ '2.120.0' ],
139 silly audit   'node-opcua-file-transfer': [ '2.120.0' ],
139 silly audit   'node-opcua-generator': [ '2.120.0' ],
139 silly audit   'node-opcua-guid': [ '2.120.0' ],
139 silly audit   'node-opcua-hostname': [ '2.120.0' ],
139 silly audit   'node-opcua-nodeid': [ '2.120.0' ],
139 silly audit   'node-opcua-nodeset-ua': [ '2.120.0' ],
139 silly audit   'node-opcua-nodesets': [ '2.120.0' ],
139 silly audit   'node-opcua-numeric-range': [ '2.120.0' ],
139 silly audit   'node-opcua-object-registry': [ '2.120.0' ],
139 silly audit   'node-opcua-packet-analyzer': [ '2.120.0' ],
139 silly audit   'node-opcua-packet-assembler': [ '2.120.0' ],
139 silly audit   'node-opcua-pki': [ '4.9.0' ],
139 silly audit   rimraf: [ '4.4.1', '3.0.2' ],
139 silly audit   'node-opcua-pseudo-session': [ '2.120.0' ],
139 silly audit   'node-opcua-schemas': [ '2.120.0' ],
139 silly audit   'node-opcua-secure-channel': [ '2.120.0' ],
139 silly audit   'node-opcua-server': [ '2.120.0' ],
139 silly audit   'node-opcua-server-discovery': [ '2.120.0' ],
139 silly audit   'node-opcua-service-browse': [ '2.120.0' ],
139 silly audit   'node-opcua-service-call': [ '2.120.0' ],
139 silly audit   'node-opcua-service-discovery': [ '2.120.0' ],
139 silly audit   'node-opcua-service-endpoints': [ '2.120.0' ],
139 silly audit   'node-opcua-service-filter': [ '2.120.0' ],
139 silly audit   'node-opcua-service-history': [ '2.120.0' ],
139 silly audit   'node-opcua-service-node-management': [ '2.120.0' ],
139 silly audit   'node-opcua-service-query': [ '2.120.0' ],
139 silly audit   'node-opcua-service-read': [ '2.120.0' ],
139 silly audit   'node-opcua-service-register-node': [ '2.120.0' ],
139 silly audit   'node-opcua-service-secure-channel': [ '2.120.0' ],
139 silly audit   'node-opcua-service-session': [ '2.120.0' ],
139 silly audit   'node-opcua-service-subscription': [ '2.120.0' ],
139 silly audit   'node-opcua-service-translate-browse-path': [ '2.120.0' ],
139 silly audit   'node-opcua-service-write': [ '2.120.0' ],
139 silly audit   'node-opcua-status-code': [ '2.120.0' ],
139 silly audit   'node-opcua-transport': [ '2.120.0' ],
139 silly audit   'node-opcua-types': [ '2.120.0' ],
139 silly audit   'node-opcua-utils': [ '2.120.0' ],
139 silly audit   'node-opcua-variant': [ '2.120.0' ],
139 silly audit   'node-opcua-vendor-diagnostic': [ '2.120.0' ],
139 silly audit   'node-opcua-xml2json': [ '2.120.0' ],
139 silly audit   'node-red': [ '3.1.3' ],
139 silly audit   'node-red-admin': [ '3.1.1' ],
139 silly audit   'node-red-contrib-opcua': [ '0.2.321' ],
139 silly audit   'node-watch': [ '0.7.4' ],
139 silly audit   nopt: [ '5.0.0' ],
139 silly audit   'normalize-path': [ '3.0.0' ],
139 silly audit   'normalize-url': [ '8.0.0' ],
139 silly audit   npmlog: [ '5.0.1' ],
139 silly audit   'nth-check': [ '2.1.1' ],
139 silly audit   'number-allocator': [ '1.0.14' ],
139 silly audit   oauth2orize: [ '1.11.1' ],
139 silly audit   'object-assign': [ '4.1.1' ],
139 silly audit   'object-inspect': [ '1.13.1' ],
139 silly audit   'object-is': [ '1.1.5' ],
139 silly audit   'object-keys': [ '1.1.1' ],
139 silly audit   'object.assign': [ '4.1.5' ],
139 silly audit   'on-finished': [ '2.4.1' ],
139 silly audit   'on-headers': [ '1.0.2' ],
139 silly audit   once: [ '1.4.0' ],
139 silly audit   'os-locale': [ '6.0.2' ],
139 silly audit   'p-cancelable': [ '3.0.0' ],
139 silly audit   parse5: [ '6.0.1' ],
139 silly audit   'parse5-htmlparser2-tree-adapter': [ '6.0.1' ],
139 silly audit   parseurl: [ '1.3.3' ],
139 silly audit   passport: [ '0.6.0' ],
139 silly audit   'passport-http-bearer': [ '1.0.1' ],
139 silly audit   'passport-oauth2-client-password': [ '0.1.2' ],
139 silly audit   'passport-strategy': [ '1.0.0' ],
139 silly audit   'path-is-absolute': [ '1.0.1' ],
139 silly audit   'path-scurry': [ '1.10.1' ],
139 silly audit   'path-to-regexp': [ '0.1.7' ],
139 silly audit   pause: [ '0.0.1' ],
139 silly audit   pend: [ '1.2.0' ],
139 silly audit   picomatch: [ '2.3.1' ],
139 silly audit   precond: [ '0.2.3' ],
139 silly audit   'process-nextick-args': [ '2.0.1' ],
139 silly audit   progress: [ '2.0.3' ],
139 silly audit   'proper-lockfile': [ '4.1.2' ],
139 silly audit   'proxy-addr': [ '2.0.7' ],
139 silly audit   'proxy-from-env': [ '1.1.0' ],
139 silly audit   pseudomap: [ '1.0.2' ],
139 silly audit   psl: [ '1.9.0' ],
139 silly audit   pump: [ '3.0.0' ],
139 silly audit   punycode: [ '2.3.1' ],
139 silly audit   pvtsutils: [ '1.3.5' ],
139 silly audit   pvutils: [ '1.1.3' ],
139 silly audit   qs: [ '6.11.0' ],
139 silly audit   querystringify: [ '2.2.0' ],
139 silly audit   'quick-lru': [ '5.1.1' ],
139 silly audit   'random-bytes': [ '1.0.0' ],
139 silly audit   'range-parser': [ '1.2.1' ],
139 silly audit   read: [ '1.0.7' ],
139 silly audit   readdirp: [ '3.6.0' ],
139 silly audit   'reflect-metadata': [ '0.2.1' ],
139 silly audit   'regenerator-runtime': [ '0.14.1' ],
139 silly audit   reinterval: [ '1.1.0' ],
139 silly audit   'require-directory': [ '2.1.1' ],
139 silly audit   'require-from-string': [ '2.0.2' ],
139 silly audit   'requires-port': [ '1.0.0' ],
139 silly audit   'resolve-alpn': [ '1.2.1' ],
139 silly audit   responselike: [ '3.0.0' ],
139 silly audit   retry: [ '0.12.0' ],
139 silly audit   rfdc: [ '1.3.0' ],
139 silly audit   'safer-buffer': [ '2.1.2' ],
139 silly audit   sax: [ '1.3.0' ],
139 silly audit   send: [ '0.18.0' ],
139 silly audit   'serve-static': [ '1.15.0' ],
139 silly audit   'set-blocking': [ '2.0.0' ],
139 silly audit   'set-function-length': [ '1.1.1' ],
139 silly audit   'set-prototype-of': [ '1.0.0' ],
139 silly audit   setprototypeof: [ '1.2.0' ],
139 silly audit   'side-channel': [ '1.0.4' ],
139 silly audit   'signal-exit': [ '3.0.7' ],
139 silly audit   split2: [ '3.2.2' ],
139 silly audit   sshpk: [ '1.18.0' ],
139 silly audit   statuses: [ '2.0.1' ],
139 silly audit   'sterfive-bonjour-service': [ '1.1.4' ],
139 silly audit   'stream-shift': [ '1.0.2' ],
139 silly audit   streamsearch: [ '1.1.0' ],
139 silly audit   'string-width': [ '4.2.3' ],
139 silly audit   'strip-ansi': [ '6.0.1' ],
139 silly audit   'supports-color': [ '7.2.0' ],
139 silly audit   tar: [ '6.1.13' ],
139 silly audit   thenify: [ '3.3.1' ],
139 silly audit   thunky: [ '1.1.0' ],
139 silly audit   'to-regex-range': [ '5.0.1' ],
139 silly audit   toidentifier: [ '1.0.1' ],
139 silly audit   'tough-cookie': [ '4.1.3' ],
139 silly audit   universalify: [ '0.2.0', '2.0.1' ],
139 silly audit   tr46: [ '0.0.3' ],
139 silly audit   tslib: [ '2.6.2', '1.14.1' ],
139 silly audit   tsyringe: [ '4.8.0' ],
139 silly audit   tunnel: [ '0.0.6' ],
139 silly audit   tweetnacl: [ '0.14.5' ],
139 silly audit   'type-is': [ '1.6.18' ],
139 silly audit   typedarray: [ '0.0.6' ],
139 silly audit   'uglify-js': [ '3.17.4' ],
139 silly audit   'uid-safe': [ '2.1.5' ],
139 silly audit   uid2: [ '0.0.4' ],
139 silly audit   'undici-types': [ '5.26.5' ],
139 silly audit   unpipe: [ '1.0.0' ],
139 silly audit   'uri-js': [ '4.4.1' ],
139 silly audit   'url-parse': [ '1.5.10' ],
139 silly audit   util: [ '0.12.5' ],
139 silly audit   'util-deprecate': [ '1.0.2' ],
139 silly audit   'utils-merge': [ '1.0.1' ],
139 silly audit   uuid: [ '9.0.0' ],
139 silly audit   vary: [ '1.1.2' ],
139 silly audit   'webcrypto-core': [ '1.7.8' ],
139 silly audit   'webidl-conversions': [ '3.0.1' ],
139 silly audit   'wget-improved-2': [ '3.3.0' ],
139 silly audit   'whatwg-url': [ '5.0.0' ],
139 silly audit   'which-typed-array': [ '1.1.14' ],
139 silly audit   'wide-align': [ '1.1.5' ],
139 silly audit   'wrap-ansi': [ '7.0.0' ],
139 silly audit   wrappy: [ '1.0.2' ],
139 silly audit   ws: [ '7.5.6', '8.11.0' ],
139 silly audit   'xml-writer': [ '1.7.0' ],
139 silly audit   xml2js: [ '0.6.2' ],
139 silly audit   xmlbuilder: [ '11.0.1' ],
139 silly audit   xtend: [ '4.0.2' ],
139 silly audit   y18n: [ '5.0.8' ],
139 silly audit   yargs: [ '17.7.2' ],
139 silly audit   'yargs-parser': [ '21.1.1' ],
139 silly audit   yauzl: [ '2.10.0' ],
139 silly audit   'node-red-dashboard': [ '3.6.2' ],
139 silly audit   compression: [ '1.7.4' ],
139 silly audit   gridstack: [ '0.6.4' ],
139 silly audit   'socket.io': [ '4.7.4' ],
139 silly audit   compressible: [ '2.0.18' ],
139 silly audit   jquery: [ '3.7.1' ],
139 silly audit   base64id: [ '2.0.0' ],
139 silly audit   'engine.io': [ '6.5.4' ],
139 silly audit   'socket.io-adapter': [ '2.5.2' ],
139 silly audit   'socket.io-parser': [ '4.2.4' ],
139 silly audit   '@types/cookie': [ '0.4.1' ],
139 silly audit   '@types/cors': [ '2.8.17' ],
139 silly audit   'engine.io-parser': [ '5.2.1' ],
139 silly audit   '@socket.io/component-emitter': [ '3.1.0' ]
139 silly audit }
140 verbose reify failed optional dependency /usr/src/node-red/node_modules/fsevents
141 silly reify mark deleted [ '/usr/src/node-red/node_modules/fsevents' ]
142 timing reifyNode:node_modules/fsevents Completed in 8ms
143 silly tarball no local data for @socket.io/component-emitter@https://registry.npmjs.org/@socket.io/component-emitter/-/component-emitter-3.1.0.tgz. Extracting by manifest.
144 silly tarball no local data for engine.io-parser@https://registry.npmjs.org/engine.io-parser/-/engine.io-parser-5.2.1.tgz. Extracting by manifest.
145 silly tarball no local data for @types/cors@https://registry.npmjs.org/@types/cors/-/cors-2.8.17.tgz. Extracting by manifest.
146 silly tarball no local data for @types/cookie@https://registry.npmjs.org/@types/cookie/-/cookie-0.4.1.tgz. Extracting by manifest.
147 silly tarball no local data for socket.io-parser@https://registry.npmjs.org/socket.io-parser/-/socket.io-parser-4.2.4.tgz. Extracting by manifest.
148 silly tarball no local data for socket.io-adapter@https://registry.npmjs.org/socket.io-adapter/-/socket.io-adapter-2.5.2.tgz. Extracting by manifest.
149 silly tarball no local data for engine.io@https://registry.npmjs.org/engine.io/-/engine.io-6.5.4.tgz. Extracting by manifest.
150 silly tarball no local data for base64id@https://registry.npmjs.org/base64id/-/base64id-2.0.0.tgz. Extracting by manifest.
151 silly tarball no local data for compressible@https://registry.npmjs.org/compressible/-/compressible-2.0.18.tgz. Extracting by manifest.
152 silly tarball no local data for jquery@https://registry.npmjs.org/jquery/-/jquery-3.7.1.tgz. Extracting by manifest.
153 silly tarball no local data for socket.io@https://registry.npmjs.org/socket.io/-/socket.io-4.7.4.tgz. Extracting by manifest.
154 silly tarball no local data for gridstack@https://registry.npmjs.org/gridstack/-/gridstack-0.6.4.tgz. Extracting by manifest.
155 silly tarball no local data for node-red-dashboard@https://registry.npmjs.org/node-red-dashboard/-/node-red-dashboard-3.6.2.tgz. Extracting by manifest.
156 silly tarball no local data for ms@https://registry.npmjs.org/ms/-/ms-2.1.2.tgz. Extracting by manifest.
157 silly tarball no local data for compression@https://registry.npmjs.org/compression/-/compression-1.7.4.tgz. Extracting by manifest.
158 silly tarball no local data for debug@https://registry.npmjs.org/debug/-/debug-4.3.4.tgz. Extracting by manifest.
159 silly tarball no local data for ws@https://registry.npmjs.org/ws/-/ws-8.11.0.tgz. Extracting by manifest.
160 silly tarball no local data for ws@https://registry.npmjs.org/ws/-/ws-8.11.0.tgz. Extracting by manifest.
161 silly tarball no local data for ms@https://registry.npmjs.org/ms/-/ms-2.1.2.tgz. Extracting by manifest.
162 silly tarball no local data for debug@https://registry.npmjs.org/debug/-/debug-4.3.4.tgz. Extracting by manifest.
163 silly tarball no local data for cookie@https://registry.npmjs.org/cookie/-/cookie-0.4.2.tgz. Extracting by manifest.
164 silly tarball no local data for ms@https://registry.npmjs.org/ms/-/ms-2.1.2.tgz. Extracting by manifest.
165 silly tarball no local data for debug@https://registry.npmjs.org/debug/-/debug-4.3.4.tgz. Extracting by manifest.
166 silly tarball no local data for bytes@https://registry.npmjs.org/bytes/-/bytes-3.0.0.tgz. Extracting by manifest.
167 http fetch POST 200 https://registry.npmjs.org/-/npm/v1/security/advisories/bulk 251ms
168 timing auditReport:getReport Completed in 260ms
169 silly audit report {}
170 timing auditReport:init Completed in 0ms
171 timing reify:audit Completed in 261ms
172 http fetch GET 200 https://registry.npmjs.org/@types/cors/-/cors-2.8.17.tgz 336ms (cache miss)
173 timing reifyNode:node_modules/@types/cors Completed in 365ms
174 http fetch GET 200 https://registry.npmjs.org/@types/cookie/-/cookie-0.4.1.tgz 336ms (cache miss)
175 timing reifyNode:node_modules/@types/cookie Completed in 365ms
176 http fetch GET 200 https://registry.npmjs.org/@socket.io/component-emitter/-/component-emitter-3.1.0.tgz 341ms (cache miss)
177 timing reifyNode:node_modules/@socket.io/component-emitter Completed in 367ms
178 http fetch GET 200 https://registry.npmjs.org/ms/-/ms-2.1.2.tgz 341ms (cache miss)
179 timing reifyNode:node_modules/engine.io/node_modules/ms Completed in 386ms
180 http fetch GET 200 https://registry.npmjs.org/socket.io-adapter/-/socket.io-adapter-2.5.2.tgz 362ms (cache miss)
181 timing reifyNode:node_modules/socket.io-adapter Completed in 393ms
182 http fetch GET 200 https://registry.npmjs.org/debug/-/debug-4.3.4.tgz 354ms (cache miss)
183 timing reifyNode:node_modules/socket.io-parser/node_modules/debug Completed in 397ms
184 http fetch GET 200 https://registry.npmjs.org/ms/-/ms-2.1.2.tgz 344ms (cache miss)
185 timing reifyNode:node_modules/socket.io/node_modules/ms Completed in 396ms
186 http fetch GET 200 https://registry.npmjs.org/compression/-/compression-1.7.4.tgz 360ms (cache miss)
187 timing reifyNode:node_modules/compression Completed in 400ms
188 http fetch GET 200 https://registry.npmjs.org/compressible/-/compressible-2.0.18.tgz 367ms (cache miss)
189 timing reifyNode:node_modules/compressible Completed in 401ms
190 http fetch GET 200 https://registry.npmjs.org/base64id/-/base64id-2.0.0.tgz 370ms (cache miss)
191 timing reifyNode:node_modules/base64id Completed in 402ms
192 http fetch GET 200 https://registry.npmjs.org/ms/-/ms-2.1.2.tgz 366ms (cache miss)
193 timing reifyNode:node_modules/socket.io-parser/node_modules/ms Completed in 406ms
194 http fetch GET 200 https://registry.npmjs.org/cookie/-/cookie-0.4.2.tgz 356ms (cache miss)
195 timing reifyNode:node_modules/engine.io/node_modules/cookie Completed in 407ms
196 http fetch GET 200 https://registry.npmjs.org/bytes/-/bytes-3.0.0.tgz 353ms (cache miss)
197 timing reifyNode:node_modules/compression/node_modules/bytes Completed in 407ms
198 http fetch GET 200 https://registry.npmjs.org/debug/-/debug-4.3.4.tgz 358ms (cache miss)
199 timing reifyNode:node_modules/socket.io/node_modules/debug Completed in 411ms
200 http fetch GET 200 https://registry.npmjs.org/socket.io-parser/-/socket.io-parser-4.2.4.tgz 408ms (cache miss)
201 http fetch GET 200 https://registry.npmjs.org/debug/-/debug-4.3.4.tgz 392ms (cache miss)
202 timing reifyNode:node_modules/engine.io/node_modules/debug Completed in 442ms
203 timing reifyNode:node_modules/socket.io-parser Completed in 445ms
204 http fetch GET 200 https://registry.npmjs.org/engine.io-parser/-/engine.io-parser-5.2.1.tgz 438ms (cache miss)
205 timing reifyNode:node_modules/engine.io-parser Completed in 469ms
206 http fetch GET 200 https://registry.npmjs.org/engine.io/-/engine.io-6.5.4.tgz 444ms (cache miss)
207 http fetch GET 200 https://registry.npmjs.org/ws/-/ws-8.11.0.tgz 432ms (cache miss)
208 timing reifyNode:node_modules/engine.io/node_modules/ws Completed in 476ms
209 http fetch GET 200 https://registry.npmjs.org/ws/-/ws-8.11.0.tgz 435ms (cache miss)
210 timing reifyNode:node_modules/socket.io-adapter/node_modules/ws Completed in 478ms
211 timing reifyNode:node_modules/engine.io Completed in 480ms
212 http fetch GET 200 https://registry.npmjs.org/gridstack/-/gridstack-0.6.4.tgz 514ms (cache miss)
213 timing reifyNode:node_modules/gridstack Completed in 553ms
214 http fetch GET 200 https://registry.npmjs.org/socket.io/-/socket.io-4.7.4.tgz 541ms (cache miss)
215 timing reifyNode:node_modules/socket.io Completed in 579ms
216 http fetch GET 200 https://registry.npmjs.org/jquery/-/jquery-3.7.1.tgz 613ms (cache miss)
217 timing reifyNode:node_modules/jquery Completed in 648ms
218 http fetch GET 200 https://registry.npmjs.org/node-red-dashboard/-/node-red-dashboard-3.6.2.tgz 658ms (cache miss)
219 timing reifyNode:node_modules/node-red-dashboard Completed in 696ms
220 timing reify:unpack Completed in 698ms
221 timing reify:unretire Completed in 0ms
222 timing build:queue Completed in 2ms
223 timing build:deps Completed in 3ms
224 timing build Completed in 3ms
225 timing reify:build Completed in 3ms
226 timing reify:trash Completed in 1ms
227 timing reify:save Completed in 128ms
228 timing reify Completed in 3705ms
229 silly ADD node_modules/@socket.io/component-emitter
230 silly ADD node_modules/engine.io-parser
231 silly ADD node_modules/@types/cors
232 silly ADD node_modules/@types/cookie
233 silly ADD node_modules/socket.io-parser
234 silly ADD node_modules/socket.io-parser/node_modules/ms
235 silly ADD node_modules/socket.io-parser/node_modules/debug
236 silly ADD node_modules/socket.io-adapter
237 silly ADD node_modules/socket.io-adapter/node_modules/ws
238 silly ADD node_modules/engine.io
239 silly ADD node_modules/engine.io/node_modules/ms
240 silly ADD node_modules/engine.io/node_modules/ws
241 silly ADD node_modules/engine.io/node_modules/debug
242 silly ADD node_modules/engine.io/node_modules/cookie
243 silly ADD node_modules/base64id
244 silly ADD node_modules/jquery
245 silly ADD node_modules/compressible
246 silly ADD node_modules/socket.io
247 silly ADD node_modules/socket.io/node_modules/ms
248 silly ADD node_modules/socket.io/node_modules/debug
249 silly ADD node_modules/gridstack
250 silly ADD node_modules/compression
251 silly ADD node_modules/compression/node_modules/bytes
252 silly ADD node_modules/node-red-dashboard
253 silly ADD
254 timing command:install Completed in 3716ms
255 verbose exit 0
256 timing npm Completed in 3830ms
257 info ok
