0 verbose cli /usr/local/bin/node /usr/local/bin/npm
1 info using npm@8.19.4
2 info using node@v16.20.2
3 timing npm:load:whichnode Completed in 0ms
4 timing config:load:defaults Completed in 4ms
5 timing config:load:file:/usr/local/lib/node_modules/npm/npmrc Completed in 16ms
6 timing config:load:builtin Completed in 17ms
7 warn config production Use `--omit=dev` instead.
8 timing config:load:cli Completed in 24ms
9 timing config:load:env Completed in 1ms
10 timing config:load:file:/data/.npmrc Completed in 0ms
11 timing config:load:project Completed in 4ms
12 timing config:load:file:/usr/src/node-red/.npmrc Completed in 0ms
13 timing config:load:user Completed in 0ms
14 timing config:load:file:/usr/local/etc/npmrc Completed in 6ms
15 timing config:load:global Completed in 7ms
16 timing config:load:validate Completed in 0ms
17 timing config:load:credentials Completed in 5ms
18 timing config:load:setEnvs Completed in 4ms
19 timing config:load Completed in 68ms
20 timing npm:load:configload Completed in 68ms
21 timing npm:load:mkdirpcache Completed in 4ms
22 timing npm:load:mkdirplogs Completed in 1ms
23 verbose title npm install node-red-node-random@0.4.1
24 verbose argv "install" "--no-audit" "--no-update-notifier" "--no-fund" "--save" "--save-prefix" "~" "--production" "--engine-strict" "node-red-node-random@0.4.1"
25 timing npm:load:setTitle Completed in 2ms
26 timing config:load:flatten Completed in 4ms
27 timing npm:load:display Completed in 8ms
28 verbose logfile logs-max:10 dir:/data/.npm/_logs
29 verbose logfile /data/.npm/_logs/2024-02-13T08_53_58_102Z-debug-0.log
30 timing npm:load:logFile Completed in 12ms
31 timing npm:load:timers Completed in 0ms
32 timing npm:load:configScope Completed in 0ms
33 timing npm:load Completed in 98ms
34 timing arborist:ctor Completed in 1ms
35 silly logfile start cleaning logs, removing 3 files
36 silly logfile done cleaning log files
37 timing idealTree:init Completed in 65ms
38 timing idealTree:userRequests Completed in 5ms
39 silly idealTree buildDeps
40 silly fetch manifest node-red-node-random@0.4.1
41 timing arborist:ctor Completed in 1ms
42 http fetch GET 200 https://registry.npmjs.org/node-red-node-random 1529ms (cache miss)
43 silly placeDep ROOT node-red-node-random@0.4.1 OK for: node-red-project@0.0.1 want: 0.4.1
44 timing idealTree:#root Completed in 1558ms
45 timing idealTree:node_modules/node-red-node-random Completed in 1ms
46 timing idealTree:buildDeps Completed in 1562ms
47 timing idealTree:fixDepFlags Completed in 1ms
48 timing idealTree Completed in 1637ms
49 timing reify:loadTrees Completed in 1641ms
50 timing reify:diffTrees Completed in 6ms
51 silly reify moves {}
52 timing reify:retireShallow Completed in 4ms
53 timing reify:createSparse Completed in 5ms
54 timing reify:trashOmits Completed in 1ms
55 timing reify:loadBundles Completed in 0ms
56 silly tarball no local data for node-red-node-random@https://registry.npmjs.org/node-red-node-random/-/node-red-node-random-0.4.1.tgz. Extracting by manifest.
57 http fetch GET 200 https://registry.npmjs.org/node-red-node-random/-/node-red-node-random-0.4.1.tgz 103ms (cache miss)
58 timing reifyNode:node_modules/node-red-node-random Completed in 118ms
59 timing reify:unpack Completed in 118ms
60 timing reify:unretire Completed in 0ms
61 timing build:queue Completed in 3ms
62 timing build:deps Completed in 4ms
63 timing build Completed in 4ms
64 timing reify:build Completed in 4ms
65 timing reify:trash Completed in 0ms
66 timing reify:save Completed in 35ms
67 timing reify Completed in 1838ms
68 silly ADD node_modules/node-red-node-random
69 timing command:install Completed in 1844ms
70 verbose exit 0
71 timing npm Completed in 2488ms
72 info ok
