0 verbose cli /usr/local/bin/node /usr/local/bin/npm
1 info using npm@8.19.4
2 info using node@v16.20.2
3 timing npm:load:whichnode Completed in 1ms
4 timing config:load:defaults Completed in 4ms
5 timing config:load:file:/usr/local/lib/node_modules/npm/npmrc Completed in 1ms
6 timing config:load:builtin Completed in 3ms
7 warn config production Use `--omit=dev` instead.
8 timing config:load:cli Completed in 5ms
9 timing config:load:env Completed in 1ms
10 timing config:load:file:/data/.npmrc Completed in 1ms
11 timing config:load:project Completed in 4ms
12 timing config:load:file:/usr/src/node-red/.npmrc Completed in 1ms
13 timing config:load:user Completed in 1ms
14 timing config:load:file:/usr/local/etc/npmrc Completed in 9ms
15 timing config:load:global Completed in 9ms
16 timing config:load:validate Completed in 1ms
17 timing config:load:credentials Completed in 5ms
18 timing config:load:setEnvs Completed in 3ms
19 timing config:load Completed in 36ms
20 timing npm:load:configload Completed in 36ms
21 timing npm:load:mkdirpcache Completed in 4ms
22 timing npm:load:mkdirplogs Completed in 1ms
23 verbose title npm install node-red-contrib-influxdb@0.7.0
24 verbose argv "install" "--no-audit" "--no-update-notifier" "--no-fund" "--save" "--save-prefix" "~" "--production" "--engine-strict" "node-red-contrib-influxdb@0.7.0"
25 timing npm:load:setTitle Completed in 6ms
26 timing config:load:flatten Completed in 5ms
27 timing npm:load:display Completed in 8ms
28 verbose logfile logs-max:10 dir:/data/.npm/_logs
29 verbose logfile /data/.npm/_logs/2024-02-12T09_16_24_262Z-debug-0.log
30 timing npm:load:logFile Completed in 12ms
31 timing npm:load:timers Completed in 1ms
32 timing npm:load:configScope Completed in 0ms
33 timing npm:load Completed in 71ms
34 timing arborist:ctor Completed in 1ms
35 silly logfile start cleaning logs, removing 27 files
36 timing arborist:ctor Completed in 0ms
37 timing idealTree:init Completed in 19ms
38 timing idealTree:userRequests Completed in 7ms
39 silly idealTree buildDeps
40 silly fetch manifest node-red-contrib-influxdb@0.7.0
41 silly logfile done cleaning log files
42 http fetch GET 200 https://registry.npmjs.org/node-red-contrib-influxdb 1054ms (cache miss)
43 silly placeDep ROOT node-red-contrib-influxdb@0.7.0 OK for: node-red-project@0.0.1 want: 0.7.0
44 silly fetch manifest influx@~5.9.3
45 silly fetch manifest @influxdata/influxdb-client@~1.33.2
46 silly fetch manifest lodash@~4.17.21
47 http fetch GET 200 https://registry.npmjs.org/lodash 227ms (cache revalidated)
48 http fetch GET 200 https://registry.npmjs.org/influx 965ms (cache miss)
49 http fetch GET 200 https://registry.npmjs.org/@influxdata%2finfluxdb-client 1257ms (cache miss)
50 timing idealTree:#root Completed in 2351ms
51 silly placeDep ROOT @influxdata/influxdb-client@1.33.2 OK for: node-red-contrib-influxdb@0.7.0 want: ~1.33.2
52 silly placeDep ROOT influx@5.9.3 OK for: node-red-contrib-influxdb@0.7.0 want: ~5.9.3
53 silly placeDep ROOT lodash@4.17.21 OK for: node-red-contrib-influxdb@0.7.0 want: ~4.17.21
54 timing idealTree:node_modules/node-red-contrib-influxdb Completed in 17ms
55 timing idealTree:node_modules/@influxdata/influxdb-client Completed in 0ms
56 timing idealTree:node_modules/influx Completed in 0ms
57 timing idealTree:node_modules/lodash Completed in 0ms
58 timing idealTree:buildDeps Completed in 2372ms
59 timing idealTree:fixDepFlags Completed in 2ms
60 timing idealTree Completed in 2402ms
61 timing reify:loadTrees Completed in 2402ms
62 timing reify:diffTrees Completed in 2ms
63 silly reify moves {}
64 timing reify:retireShallow Completed in 2ms
65 timing reify:createSparse Completed in 8ms
66 timing reify:trashOmits Completed in 0ms
67 timing reify:loadBundles Completed in 0ms
68 silly tarball no local data for influx@https://registry.npmjs.org/influx/-/influx-5.9.3.tgz. Extracting by manifest.
69 silly tarball no local data for node-red-contrib-influxdb@https://registry.npmjs.org/node-red-contrib-influxdb/-/node-red-contrib-influxdb-0.7.0.tgz. Extracting by manifest.
70 silly tarball no local data for @influxdata/influxdb-client@https://registry.npmjs.org/@influxdata/influxdb-client/-/influxdb-client-1.33.2.tgz. Extracting by manifest.
71 http fetch GET 200 https://registry.npmjs.org/node-red-contrib-influxdb/-/node-red-contrib-influxdb-0.7.0.tgz 192ms (cache miss)
72 timing reifyNode:node_modules/node-red-contrib-influxdb Completed in 217ms
73 http fetch GET 200 https://registry.npmjs.org/influx/-/influx-5.9.3.tgz 223ms (cache miss)
74 timing reifyNode:node_modules/influx Completed in 248ms
75 http fetch GET 200 https://registry.npmjs.org/@influxdata/influxdb-client/-/influxdb-client-1.33.2.tgz 511ms (cache miss)
76 timing reifyNode:node_modules/@influxdata/influxdb-client Completed in 545ms
77 timing reifyNode:node_modules/lodash Completed in 700ms
78 timing reify:unpack Completed in 701ms
79 timing reify:unretire Completed in 1ms
80 timing build:queue Completed in 2ms
81 timing build:deps Completed in 2ms
82 timing build Completed in 4ms
83 timing reify:build Completed in 4ms
84 timing reify:trash Completed in 0ms
85 timing reify:save Completed in 9ms
86 timing reify Completed in 3146ms
87 silly ADD node_modules/lodash
88 silly ADD node_modules/influx
89 silly ADD node_modules/@influxdata/influxdb-client
90 silly ADD node_modules/node-red-contrib-influxdb
91 timing command:install Completed in 3152ms
92 verbose exit 0
93 timing npm Completed in 3667ms
94 info ok
